2019-10-18 06:00:02.145 [warning] <0.209.0> lager_error_logger_h dropped 1 messages in the last second that exceeded the limit of 50 messages/sec
2019-10-18 06:04:38.973 [error] <0.848.0>@Elixir.Consumer:init:14 CRASH REPORT Process <0.848.0> with 1 neighbours crashed with reason: no match of right hand value {error,econnrefused} in 'Elixir.Consumer':init/1 line 14
2019-10-18 06:05:44.325 [error] <0.856.0>@Elixir.Consumer:init:14 CRASH REPORT Process <0.856.0> with 1 neighbours crashed with reason: no match of right hand value {error,econnrefused} in 'Elixir.Consumer':init/1 line 14
2019-10-18 06:05:55.988 [error] <0.862.0>@Elixir.Consumer:init:14 CRASH REPORT Process <0.862.0> with 1 neighbours crashed with reason: no match of right hand value {error,econnrefused} in 'Elixir.Consumer':init/1 line 14
2019-10-18 06:07:20.271 [error] <0.870.0>@Elixir.Consumer:init:14 CRASH REPORT Process <0.870.0> with 1 neighbours crashed with reason: no match of right hand value {error,econnrefused} in 'Elixir.Consumer':init/1 line 14
2019-10-18 06:11:09.333 [error] <0.878.0>@Elixir.Consumer:init:14 CRASH REPORT Process <0.878.0> with 1 neighbours crashed with reason: no match of right hand value {error,econnrefused} in 'Elixir.Consumer':init/1 line 14
2019-10-18 06:11:47.801 [error] <0.886.0>@Elixir.Consumer:init:14 CRASH REPORT Process <0.886.0> with 1 neighbours crashed with reason: no match of right hand value {error,econnrefused} in 'Elixir.Consumer':init/1 line 14
2019-10-18 06:13:03.393 [error] <0.893.0>@Elixir.Consumer:init:14 CRASH REPORT Process <0.893.0> with 1 neighbours crashed with reason: no match of right hand value {error,econnrefused} in 'Elixir.Consumer':init/1 line 14
2019-10-18 06:14:02.975 [error] <0.901.0>@Elixir.Consumer:init:14 CRASH REPORT Process <0.901.0> with 1 neighbours crashed with reason: no match of right hand value {error,econnrefused} in 'Elixir.Consumer':init/1 line 14
2019-10-18 06:19:44.892 [error] <0.911.0>@Elixir.Consumer:init:14 CRASH REPORT Process <0.911.0> with 1 neighbours crashed with reason: no match of right hand value {error,econnrefused} in 'Elixir.Consumer':init/1 line 14
2019-10-18 06:19:53.884 [error] <0.917.0>@Elixir.Consumer:init:14 CRASH REPORT Process <0.917.0> with 1 neighbours crashed with reason: no match of right hand value {error,econnrefused} in 'Elixir.Consumer':init/1 line 14
2019-10-18 06:19:58.506 [error] <0.926.0>@Elixir.Consumer:init:14 CRASH REPORT Process <0.926.0> with 1 neighbours crashed with reason: no match of right hand value {error,econnrefused} in 'Elixir.Consumer':init/1 line 14
2019-10-18 06:20:10.588 [error] <0.933.0>@Elixir.Consumer:init:14 CRASH REPORT Process <0.933.0> with 1 neighbours crashed with reason: no match of right hand value {error,econnrefused} in 'Elixir.Consumer':init/1 line 14
2019-10-18 06:20:30.002 [warning] <0.209.0> lager_error_logger_h dropped 1 messages in the last second that exceeded the limit of 50 messages/sec
2019-10-18 06:21:12.401 [error] <0.949.0>@Elixir.Consumer:init:14 CRASH REPORT Process <0.949.0> with 1 neighbours crashed with reason: no match of right hand value {error,econnrefused} in 'Elixir.Consumer':init/1 line 14
2019-10-18 06:25:16.617 [error] <0.958.0>@Elixir.Consumer:init:14 CRASH REPORT Process <0.958.0> with 1 neighbours crashed with reason: no match of right hand value {error,econnrefused} in 'Elixir.Consumer':init/1 line 14
2019-10-18 06:26:17.576 [error] <0.965.0>@Elixir.Consumer:init:14 CRASH REPORT Process <0.965.0> with 1 neighbours crashed with reason: no match of right hand value {error,econnrefused} in 'Elixir.Consumer':init/1 line 14
2019-10-18 06:28:41.657 [error] <0.973.0>@Elixir.Consumer:init:14 CRASH REPORT Process <0.973.0> with 1 neighbours crashed with reason: no match of right hand value {error,econnrefused} in 'Elixir.Consumer':init/1 line 14
2019-10-18 06:28:47.858 [error] <0.980.0>@Elixir.Consumer:init:14 CRASH REPORT Process <0.980.0> with 1 neighbours crashed with reason: no match of right hand value {error,econnrefused} in 'Elixir.Consumer':init/1 line 14
2019-10-18 06:32:40.194 [error] <0.989.0>@Elixir.Consumer:init:14 CRASH REPORT Process <0.989.0> with 1 neighbours crashed with reason: no match of right hand value {error,econnrefused} in 'Elixir.Consumer':init/1 line 14
2019-10-18 06:34:13.684 [error] <0.997.0>@Elixir.Consumer:init:14 CRASH REPORT Process <0.997.0> with 1 neighbours crashed with reason: no match of right hand value {error,econnrefused} in 'Elixir.Consumer':init/1 line 14
2019-10-18 06:41:57.421 [error] <0.1008.0>@Elixir.Consumer:init:14 CRASH REPORT Process <0.1008.0> with 1 neighbours crashed with reason: no match of right hand value {error,econnrefused} in 'Elixir.Consumer':init/1 line 14
2019-10-18 06:45:10.049 [error] <0.1017.0>@Elixir.Consumer:init:14 CRASH REPORT Process <0.1017.0> with 1 neighbours crashed with reason: no match of right hand value {error,econnrefused} in 'Elixir.Consumer':init/1 line 14
2019-10-18 06:45:20.424 [error] <0.1024.0>@Elixir.Consumer:init:14 CRASH REPORT Process <0.1024.0> with 1 neighbours crashed with reason: no match of right hand value {error,econnrefused} in 'Elixir.Consumer':init/1 line 14
2019-10-18 06:45:53.990 [error] <0.1032.0>@Elixir.Consumer:init:14 CRASH REPORT Process <0.1032.0> with 1 neighbours crashed with reason: no match of right hand value {error,econnrefused} in 'Elixir.Consumer':init/1 line 14
2019-10-18 07:58:25.247 [info] <0.43.0> Application lager started on node nonode@nohost
2019-10-18 07:58:25.268 [info] <0.43.0> Application xmerl started on node nonode@nohost
2019-10-18 07:58:25.270 [info] <0.43.0> Application jsx started on node nonode@nohost
2019-10-18 07:58:25.303 [info] <0.43.0> Application ranch started on node nonode@nohost
2019-10-18 07:58:25.304 [info] <0.43.0> Application recon started on node nonode@nohost
2019-10-18 07:58:25.304 [info] <0.43.0> Application rabbit_common started on node nonode@nohost
2019-10-18 07:58:25.334 [info] <0.43.0> Application amqp_client started on node nonode@nohost
2019-10-18 07:58:25.349 [info] <0.43.0> Application amqp started on node nonode@nohost
2019-10-18 07:58:25.350 [info] <0.43.0> Application demo started on node nonode@nohost
2019-10-18 07:59:07.161 [error] <0.239.0>@Elixir.Consumer:init:21 CRASH REPORT Process <0.239.0> with 1 neighbours crashed with reason: no match of right hand value {error,econnrefused} in 'Elixir.Consumer':init/1 line 21
2019-10-18 08:01:57.237 [info] <0.43.0> Application lager started on node nonode@nohost
2019-10-18 08:01:57.239 [info] <0.43.0> Application xmerl started on node nonode@nohost
2019-10-18 08:01:57.241 [info] <0.43.0> Application jsx started on node nonode@nohost
2019-10-18 08:01:57.244 [info] <0.43.0> Application ranch started on node nonode@nohost
2019-10-18 08:01:57.245 [info] <0.43.0> Application recon started on node nonode@nohost
2019-10-18 08:01:57.245 [info] <0.43.0> Application rabbit_common started on node nonode@nohost
2019-10-18 08:01:57.251 [info] <0.43.0> Application amqp_client started on node nonode@nohost
2019-10-18 08:01:57.253 [info] <0.43.0> Application amqp started on node nonode@nohost
2019-10-18 08:01:57.253 [info] <0.43.0> Application demo started on node nonode@nohost
2019-10-18 08:02:11.332 [error] <0.239.0>@Elixir.Consumer:init:21 CRASH REPORT Process <0.239.0> with 1 neighbours crashed with reason: no match of right hand value {error,econnrefused} in 'Elixir.Consumer':init/1 line 21
2019-10-18 08:03:16.402 [error] <0.248.0>@Elixir.Consumer:init:21 CRASH REPORT Process <0.248.0> with 1 neighbours crashed with reason: no match of right hand value {error,econnrefused} in 'Elixir.Consumer':init/1 line 21
2019-10-18 08:03:33.670 [info] <0.43.0> Application lager started on node nonode@nohost
2019-10-18 08:03:33.675 [info] <0.43.0> Application xmerl started on node nonode@nohost
2019-10-18 08:03:33.676 [info] <0.43.0> Application jsx started on node nonode@nohost
2019-10-18 08:03:33.679 [info] <0.43.0> Application ranch started on node nonode@nohost
2019-10-18 08:03:33.680 [info] <0.43.0> Application recon started on node nonode@nohost
2019-10-18 08:03:33.680 [info] <0.43.0> Application rabbit_common started on node nonode@nohost
2019-10-18 08:03:33.687 [info] <0.43.0> Application amqp_client started on node nonode@nohost
2019-10-18 08:03:33.689 [info] <0.43.0> Application amqp started on node nonode@nohost
2019-10-18 08:03:33.689 [info] <0.43.0> Application demo started on node nonode@nohost
2019-10-18 08:04:04.990 [error] <0.248.0>@Elixir.Consumer:init:21 CRASH REPORT Process <0.248.0> with 1 neighbours crashed with reason: no match of right hand value {error,econnrefused} in 'Elixir.Consumer':init/1 line 21
2019-10-18 08:04:28.356 [info] <0.43.0> Application lager started on node nonode@nohost
2019-10-18 08:04:28.360 [info] <0.43.0> Application xmerl started on node nonode@nohost
2019-10-18 08:04:28.362 [info] <0.43.0> Application jsx started on node nonode@nohost
2019-10-18 08:04:28.366 [info] <0.43.0> Application ranch started on node nonode@nohost
2019-10-18 08:04:28.366 [info] <0.43.0> Application recon started on node nonode@nohost
2019-10-18 08:04:28.367 [info] <0.43.0> Application rabbit_common started on node nonode@nohost
2019-10-18 08:04:28.374 [info] <0.43.0> Application amqp_client started on node nonode@nohost
2019-10-18 08:04:28.376 [info] <0.43.0> Application amqp started on node nonode@nohost
2019-10-18 08:04:28.376 [info] <0.43.0> Application demo started on node nonode@nohost
2019-10-18 08:04:32.844 [error] <0.248.0>@Elixir.Consumer:init:22 CRASH REPORT Process <0.248.0> with 1 neighbours crashed with reason: no match of right hand value {error,econnrefused} in 'Elixir.Consumer':init/1 line 22
2019-10-18 08:19:36.058 [info] <0.43.0> Application lager started on node nonode@nohost
2019-10-18 08:19:36.062 [info] <0.43.0> Application xmerl started on node nonode@nohost
2019-10-18 08:19:36.064 [info] <0.43.0> Application jsx started on node nonode@nohost
2019-10-18 08:19:36.067 [info] <0.43.0> Application ranch started on node nonode@nohost
2019-10-18 08:19:36.067 [info] <0.43.0> Application recon started on node nonode@nohost
2019-10-18 08:19:36.068 [info] <0.43.0> Application rabbit_common started on node nonode@nohost
2019-10-18 08:19:36.074 [info] <0.43.0> Application amqp_client started on node nonode@nohost
2019-10-18 08:19:36.076 [info] <0.43.0> Application amqp started on node nonode@nohost
2019-10-18 08:19:36.076 [info] <0.43.0> Application demo started on node nonode@nohost
2019-10-18 08:20:18.971 [info] <0.43.0> Application lager started on node nonode@nohost
2019-10-18 08:20:18.975 [info] <0.43.0> Application xmerl started on node nonode@nohost
2019-10-18 08:20:18.976 [info] <0.43.0> Application jsx started on node nonode@nohost
2019-10-18 08:20:18.980 [info] <0.43.0> Application ranch started on node nonode@nohost
2019-10-18 08:20:18.981 [info] <0.43.0> Application recon started on node nonode@nohost
2019-10-18 08:20:18.981 [info] <0.43.0> Application rabbit_common started on node nonode@nohost
2019-10-18 08:20:18.987 [info] <0.43.0> Application amqp_client started on node nonode@nohost
2019-10-18 08:20:18.989 [info] <0.43.0> Application amqp started on node nonode@nohost
2019-10-18 08:20:18.989 [info] <0.43.0> Application demo started on node nonode@nohost
2019-10-18 08:20:29.587 [error] <0.239.0>@Elixir.Consumer:init:22 CRASH REPORT Process <0.239.0> with 1 neighbours crashed with reason: no match of right hand value {error,econnrefused} in 'Elixir.Consumer':init/1 line 22
2019-10-18 08:21:35.027 [info] <0.43.0> Application lager started on node nonode@nohost
2019-10-18 08:21:35.031 [info] <0.43.0> Application xmerl started on node nonode@nohost
2019-10-18 08:21:35.032 [info] <0.43.0> Application jsx started on node nonode@nohost
2019-10-18 08:21:35.035 [info] <0.43.0> Application ranch started on node nonode@nohost
2019-10-18 08:21:35.036 [info] <0.43.0> Application recon started on node nonode@nohost
2019-10-18 08:21:35.036 [info] <0.43.0> Application rabbit_common started on node nonode@nohost
2019-10-18 08:21:35.042 [info] <0.43.0> Application amqp_client started on node nonode@nohost
2019-10-18 08:21:35.044 [info] <0.43.0> Application amqp started on node nonode@nohost
2019-10-18 08:21:35.044 [info] <0.43.0> Application demo started on node nonode@nohost
2019-10-18 08:24:50.312 [info] <0.43.0> Application lager started on node nonode@nohost
2019-10-18 08:24:50.315 [info] <0.43.0> Application xmerl started on node nonode@nohost
2019-10-18 08:24:50.317 [info] <0.43.0> Application jsx started on node nonode@nohost
2019-10-18 08:24:50.320 [info] <0.43.0> Application ranch started on node nonode@nohost
2019-10-18 08:24:50.321 [info] <0.43.0> Application recon started on node nonode@nohost
2019-10-18 08:24:50.321 [info] <0.43.0> Application rabbit_common started on node nonode@nohost
2019-10-18 08:24:50.328 [info] <0.43.0> Application amqp_client started on node nonode@nohost
2019-10-18 08:24:50.330 [info] <0.43.0> Application amqp started on node nonode@nohost
2019-10-18 08:24:50.330 [info] <0.43.0> Application demo started on node nonode@nohost
2019-10-18 09:30:31.475 [info] <0.43.0> Application lager started on node nonode@nohost
2019-10-18 09:30:31.499 [info] <0.43.0> Application xmerl started on node nonode@nohost
2019-10-18 09:30:31.500 [info] <0.43.0> Application jsx started on node nonode@nohost
2019-10-18 09:30:31.505 [info] <0.43.0> Application ranch started on node nonode@nohost
2019-10-18 09:30:31.506 [info] <0.43.0> Application recon started on node nonode@nohost
2019-10-18 09:30:31.506 [info] <0.43.0> Application rabbit_common started on node nonode@nohost
2019-10-18 09:30:31.514 [info] <0.43.0> Application amqp_client started on node nonode@nohost
2019-10-18 09:30:31.516 [info] <0.43.0> Application amqp started on node nonode@nohost
2019-10-18 09:30:31.516 [info] <0.43.0> Application demo started on node nonode@nohost
2019-10-18 09:30:39.471 [error] <0.248.0>@Elixir.Consumer:init:22 CRASH REPORT Process <0.248.0> with 1 neighbours crashed with reason: no match of right hand value {error,econnrefused} in 'Elixir.Consumer':init/1 line 22
2019-10-18 09:30:59.630 [error] <0.257.0>@Elixir.Consumer:init:22 CRASH REPORT Process <0.257.0> with 1 neighbours crashed with reason: no match of right hand value {error,econnrefused} in 'Elixir.Consumer':init/1 line 22
2019-10-18 09:31:09.983 [info] <0.43.0> Application lager started on node nonode@nohost
2019-10-18 09:31:09.989 [info] <0.43.0> Application xmerl started on node nonode@nohost
2019-10-18 09:31:09.991 [info] <0.43.0> Application jsx started on node nonode@nohost
2019-10-18 09:31:09.994 [info] <0.43.0> Application ranch started on node nonode@nohost
2019-10-18 09:31:09.995 [info] <0.43.0> Application recon started on node nonode@nohost
2019-10-18 09:31:09.995 [info] <0.43.0> Application rabbit_common started on node nonode@nohost
2019-10-18 09:31:10.001 [info] <0.43.0> Application amqp_client started on node nonode@nohost
2019-10-18 09:31:10.003 [info] <0.43.0> Application amqp started on node nonode@nohost
2019-10-18 09:31:10.003 [info] <0.43.0> Application demo started on node nonode@nohost
