2019-10-29 08:40:23 =CRASH REPORT====
  crasher:
    initial call: application_master:init/4
    pid: <0.270.0>
    registered_name: []
    exception exit: {{bad_return,{{'Elixir.Demo.Consumer',start,[normal,[]]},{'EXIT',{function_clause,[{'Elixir.GenServer',start_link,[['Elixir.Demo.Repo'],[],[]],[{file,"lib/gen_server.ex"},{line,900}]},{application_master,start_it_old,4,[{file,"application_master.erl"},{line,277}]}]}}}},[{application_master,init,4,[{file,"application_master.erl"},{line,138}]},{proc_lib,init_p_do_apply,3,[{file,"proc_lib.erl"},{line,249}]}]}
    ancestors: [<0.269.0>]
    message_queue_len: 1
    messages: [{'EXIT',<0.271.0>,normal}]
    links: [<0.269.0>,<0.43.0>]
    dictionary: []
    trap_exit: true
    status: running
    heap_size: 610
    stack_size: 27
    reductions: 222
  neighbours:
2019-10-29 08:40:49 =CRASH REPORT====
  crasher:
    initial call: application_master:init/4
    pid: <0.270.0>
    registered_name: []
    exception exit: {{bad_return,{{'Elixir.Demo.Consumer',start,[normal,[]]},{'EXIT',{function_clause,[{'Elixir.GenServer',start_link,[['Elixir.Demo.Repo'],[],[]],[{file,"lib/gen_server.ex"},{line,900}]},{application_master,start_it_old,4,[{file,"application_master.erl"},{line,277}]}]}}}},[{application_master,init,4,[{file,"application_master.erl"},{line,138}]},{proc_lib,init_p_do_apply,3,[{file,"proc_lib.erl"},{line,249}]}]}
    ancestors: [<0.269.0>]
    message_queue_len: 1
    messages: [{'EXIT',<0.271.0>,normal}]
    links: [<0.269.0>,<0.43.0>]
    dictionary: []
    trap_exit: true
    status: running
    heap_size: 610
    stack_size: 27
    reductions: 222
  neighbours:
